{"C:\\Users\\fuent\\OneDrive\\Escritorio\\rest_api_node_ts_server\\src\\router.ts": {"path":"C:\\Users\\fuent\\OneDrive\\Escritorio\\rest_api_node_ts_server\\src\\router.ts","statementMap":{"0":{"start":{"line":1,"column":0},"end":{"line":1,"column":32}},"1":{"start":{"line":2,"column":0},"end":{"line":2,"column":47}},"2":{"start":{"line":3,"column":0},"end":{"line":3,"column":129}},"3":{"start":{"line":4,"column":0},"end":{"line":4,"column":48}},"4":{"start":{"line":6,"column":15},"end":{"line":6,"column":23}},"5":{"start":{"line":51,"column":0},"end":{"line":51,"column":29}},"6":{"start":{"line":80,"column":0},"end":{"line":84,"column":2}},"7":{"start":{"line":117,"column":0},"end":{"line":127,"column":2}},"8":{"start":{"line":123,"column":29},"end":{"line":123,"column":38}},"9":{"start":{"line":172,"column":0},"end":{"line":184,"column":2}},"10":{"start":{"line":179,"column":29},"end":{"line":179,"column":38}},"11":{"start":{"line":213,"column":0},"end":{"line":217,"column":2}},"12":{"start":{"line":247,"column":0},"end":{"line":251,"column":2}},"13":{"start":{"line":253,"column":0},"end":{"line":253,"column":22}}},"fnMap":{"0":{"name":"(anonymous_0)","decl":{"start":{"line":123,"column":20},"end":{"line":123,"column":25}},"loc":{"start":{"line":123,"column":29},"end":{"line":123,"column":38}}},"1":{"name":"(anonymous_1)","decl":{"start":{"line":179,"column":20},"end":{"line":179,"column":25}},"loc":{"start":{"line":179,"column":29},"end":{"line":179,"column":38}}}},"branchMap":{},"s":{"0":2,"1":2,"2":2,"3":2,"4":2,"5":2,"6":2,"7":2,"8":4,"9":2,"10":5,"11":2,"12":2,"13":2},"f":{"0":4,"1":5},"b":{}}
,"C:\\Users\\fuent\\OneDrive\\Escritorio\\rest_api_node_ts_server\\src\\server.ts": {"path":"C:\\Users\\fuent\\OneDrive\\Escritorio\\rest_api_node_ts_server\\src\\server.ts","statementMap":{"0":{"start":{"line":9,"column":0},"end":{"line":9,"column":7}},"1":{"start":{"line":1,"column":0},"end":{"line":1,"column":30}},"2":{"start":{"line":2,"column":0},"end":{"line":2,"column":28}},"3":{"start":{"line":3,"column":0},"end":{"line":3,"column":43}},"4":{"start":{"line":4,"column":0},"end":{"line":4,"column":65}},"5":{"start":{"line":5,"column":0},"end":{"line":5,"column":30}},"6":{"start":{"line":6,"column":0},"end":{"line":6,"column":29}},"7":{"start":{"line":10,"column":4},"end":{"line":16,"column":5}},"8":{"start":{"line":11,"column":8},"end":{"line":11,"column":32}},"9":{"start":{"line":12,"column":8},"end":{"line":12,"column":18}},"10":{"start":{"line":13,"column":8},"end":{"line":13,"column":61}},"11":{"start":{"line":15,"column":8},"end":{"line":15,"column":74}},"12":{"start":{"line":18,"column":0},"end":{"line":18,"column":12}},"13":{"start":{"line":21,"column":15},"end":{"line":21,"column":24}},"14":{"start":{"line":24,"column":0},"end":{"line":24,"column":27}},"15":{"start":{"line":26,"column":0},"end":{"line":26,"column":36}},"16":{"start":{"line":29,"column":0},"end":{"line":29,"column":85}},"17":{"start":{"line":31,"column":0},"end":{"line":31,"column":22}}},"fnMap":{"0":{"name":"connectDB","decl":{"start":{"line":9,"column":22},"end":{"line":9,"column":31}},"loc":{"start":{"line":9,"column":31},"end":{"line":17,"column":1}}}},"branchMap":{},"s":{"0":2,"1":2,"2":2,"3":2,"4":2,"5":2,"6":2,"7":3,"8":3,"9":2,"10":2,"11":1,"12":2,"13":2,"14":2,"15":2,"16":2,"17":2},"f":{"0":3},"b":{}}
,"C:\\Users\\fuent\\OneDrive\\Escritorio\\rest_api_node_ts_server\\src\\config\\db.ts": {"path":"C:\\Users\\fuent\\OneDrive\\Escritorio\\rest_api_node_ts_server\\src\\config\\db.ts","statementMap":{"0":{"start":{"line":1,"column":0},"end":{"line":1,"column":48}},"1":{"start":{"line":2,"column":0},"end":{"line":2,"column":27}},"2":{"start":{"line":3,"column":0},"end":{"line":3,"column":null}},"3":{"start":{"line":5,"column":11},"end":{"line":8,"column":2}},"4":{"start":{"line":10,"column":0},"end":{"line":10,"column":null}}},"fnMap":{},"branchMap":{},"s":{"0":2,"1":2,"2":2,"3":2,"4":2},"f":{},"b":{}}
,"C:\\Users\\fuent\\OneDrive\\Escritorio\\rest_api_node_ts_server\\src\\config\\swagger.ts": {"path":"C:\\Users\\fuent\\OneDrive\\Escritorio\\rest_api_node_ts_server\\src\\config\\swagger.ts","statementMap":{"0":{"start":{"line":1,"column":0},"end":{"line":1,"column":41}},"1":{"start":{"line":4,"column":38},"end":{"line":20,"column":2}},"2":{"start":{"line":22,"column":20},"end":{"line":22,"column":41}},"3":{"start":{"line":39,"column":9},"end":{"line":39,"column":20}},"4":{"start":{"line":24,"column":43},"end":{"line":36,"column":2}},"5":{"start":{"line":39,"column":22},"end":{"line":39,"column":38}}},"fnMap":{},"branchMap":{},"s":{"0":2,"1":2,"2":2,"3":2,"4":2,"5":2},"f":{},"b":{}}
,"C:\\Users\\fuent\\OneDrive\\Escritorio\\rest_api_node_ts_server\\src\\handlers\\product.ts": {"path":"C:\\Users\\fuent\\OneDrive\\Escritorio\\rest_api_node_ts_server\\src\\handlers\\product.ts","statementMap":{"0":{"start":{"line":2,"column":0},"end":{"line":2,"column":46}},"1":{"start":{"line":4,"column":27},"end":{"line":13,"column":1}},"2":{"start":{"line":5,"column":4},"end":{"line":12,"column":5}},"3":{"start":{"line":6,"column":25},"end":{"line":8,"column":10}},"4":{"start":{"line":9,"column":8},"end":{"line":9,"column":49}},"5":{"start":{"line":11,"column":8},"end":{"line":11,"column":74}},"6":{"start":{"line":4,"column":13},"end":{"line":4,"column":27}},"7":{"start":{"line":15,"column":30},"end":{"line":29,"column":1}},"8":{"start":{"line":16,"column":4},"end":{"line":28,"column":5}},"9":{"start":{"line":17,"column":23},"end":{"line":17,"column":33}},"10":{"start":{"line":18,"column":24},"end":{"line":18,"column":50}},"11":{"start":{"line":20,"column":8},"end":{"line":23,"column":9}},"12":{"start":{"line":21,"column":12},"end":{"line":21,"column":70}},"13":{"start":{"line":22,"column":12},"end":{"line":22,"column":19}},"14":{"start":{"line":25,"column":8},"end":{"line":25,"column":48}},"15":{"start":{"line":27,"column":8},"end":{"line":27,"column":72}},"16":{"start":{"line":15,"column":13},"end":{"line":15,"column":30}},"17":{"start":{"line":31,"column":29},"end":{"line":38,"column":1}},"18":{"start":{"line":32,"column":4},"end":{"line":37,"column":5}},"19":{"start":{"line":33,"column":24},"end":{"line":33,"column":54}},"20":{"start":{"line":34,"column":8},"end":{"line":34,"column":48}},"21":{"start":{"line":36,"column":8},"end":{"line":36,"column":70}},"22":{"start":{"line":31,"column":13},"end":{"line":31,"column":29}},"23":{"start":{"line":40,"column":29},"end":{"line":56,"column":1}},"24":{"start":{"line":41,"column":4},"end":{"line":55,"column":5}},"25":{"start":{"line":42,"column":23},"end":{"line":42,"column":33}},"26":{"start":{"line":43,"column":24},"end":{"line":43,"column":50}},"27":{"start":{"line":45,"column":8},"end":{"line":48,"column":9}},"28":{"start":{"line":46,"column":12},"end":{"line":46,"column":70}},"29":{"start":{"line":47,"column":12},"end":{"line":47,"column":19}},"30":{"start":{"line":51,"column":8},"end":{"line":51,"column":39}},"31":{"start":{"line":52,"column":8},"end":{"line":52,"column":48}},"32":{"start":{"line":54,"column":8},"end":{"line":54,"column":75}},"33":{"start":{"line":40,"column":13},"end":{"line":40,"column":29}},"34":{"start":{"line":58,"column":34},"end":{"line":75,"column":1}},"35":{"start":{"line":59,"column":4},"end":{"line":74,"column":5}},"36":{"start":{"line":60,"column":23},"end":{"line":60,"column":33}},"37":{"start":{"line":61,"column":24},"end":{"line":61,"column":50}},"38":{"start":{"line":63,"column":8},"end":{"line":66,"column":9}},"39":{"start":{"line":64,"column":12},"end":{"line":64,"column":70}},"40":{"start":{"line":65,"column":12},"end":{"line":65,"column":19}},"41":{"start":{"line":69,"column":8},"end":{"line":69,"column":64}},"42":{"start":{"line":70,"column":8},"end":{"line":70,"column":29}},"43":{"start":{"line":71,"column":8},"end":{"line":71,"column":48}},"44":{"start":{"line":73,"column":8},"end":{"line":73,"column":81}},"45":{"start":{"line":58,"column":13},"end":{"line":58,"column":34}},"46":{"start":{"line":77,"column":29},"end":{"line":93,"column":1}},"47":{"start":{"line":78,"column":4},"end":{"line":92,"column":5}},"48":{"start":{"line":79,"column":23},"end":{"line":79,"column":33}},"49":{"start":{"line":80,"column":24},"end":{"line":80,"column":50}},"50":{"start":{"line":82,"column":8},"end":{"line":85,"column":9}},"51":{"start":{"line":83,"column":12},"end":{"line":83,"column":70}},"52":{"start":{"line":84,"column":12},"end":{"line":84,"column":19}},"53":{"start":{"line":88,"column":8},"end":{"line":88,"column":32}},"54":{"start":{"line":89,"column":8},"end":{"line":89,"column":61}},"55":{"start":{"line":91,"column":8},"end":{"line":91,"column":73}},"56":{"start":{"line":77,"column":13},"end":{"line":77,"column":29}}},"fnMap":{"0":{"name":"(anonymous_1)","decl":{"start":{"line":4,"column":27},"end":{"line":4,"column":32}},"loc":{"start":{"line":4,"column":80},"end":{"line":13,"column":1}}},"1":{"name":"(anonymous_2)","decl":{"start":{"line":15,"column":30},"end":{"line":15,"column":35}},"loc":{"start":{"line":15,"column":83},"end":{"line":29,"column":1}}},"2":{"name":"(anonymous_3)","decl":{"start":{"line":31,"column":29},"end":{"line":31,"column":34}},"loc":{"start":{"line":31,"column":82},"end":{"line":38,"column":1}}},"3":{"name":"(anonymous_4)","decl":{"start":{"line":40,"column":29},"end":{"line":40,"column":34}},"loc":{"start":{"line":40,"column":82},"end":{"line":56,"column":1}}},"4":{"name":"(anonymous_5)","decl":{"start":{"line":58,"column":34},"end":{"line":58,"column":39}},"loc":{"start":{"line":58,"column":87},"end":{"line":75,"column":1}}},"5":{"name":"(anonymous_6)","decl":{"start":{"line":77,"column":29},"end":{"line":77,"column":34}},"loc":{"start":{"line":77,"column":82},"end":{"line":93,"column":1}}}},"branchMap":{"0":{"loc":{"start":{"line":20,"column":8},"end":{"line":23,"column":9}},"type":"if","locations":[{"start":{"line":20,"column":8},"end":{"line":23,"column":9}}]},"1":{"loc":{"start":{"line":45,"column":8},"end":{"line":48,"column":9}},"type":"if","locations":[{"start":{"line":45,"column":8},"end":{"line":48,"column":9}}]},"2":{"loc":{"start":{"line":63,"column":8},"end":{"line":66,"column":9}},"type":"if","locations":[{"start":{"line":63,"column":8},"end":{"line":66,"column":9}}]},"3":{"loc":{"start":{"line":82,"column":8},"end":{"line":85,"column":9}},"type":"if","locations":[{"start":{"line":82,"column":8},"end":{"line":85,"column":9}}]}},"s":{"0":2,"1":2,"2":2,"3":2,"4":2,"5":0,"6":2,"7":2,"8":2,"9":2,"10":2,"11":2,"12":1,"13":1,"14":1,"15":0,"16":2,"17":2,"18":1,"19":1,"20":1,"21":0,"22":2,"23":2,"24":2,"25":2,"26":2,"27":2,"28":1,"29":1,"30":1,"31":1,"32":0,"33":2,"34":2,"35":2,"36":2,"37":2,"38":2,"39":1,"40":1,"41":1,"42":1,"43":1,"44":0,"45":2,"46":2,"47":2,"48":2,"49":2,"50":2,"51":1,"52":1,"53":1,"54":1,"55":0,"56":2},"f":{"0":2,"1":2,"2":1,"3":2,"4":2,"5":2},"b":{"0":[1],"1":[1],"2":[1],"3":[1]}}
,"C:\\Users\\fuent\\OneDrive\\Escritorio\\rest_api_node_ts_server\\src\\middleware\\index.ts": {"path":"C:\\Users\\fuent\\OneDrive\\Escritorio\\rest_api_node_ts_server\\src\\middleware\\index.ts","statementMap":{"0":{"start":{"line":2,"column":0},"end":{"line":2,"column":53}},"1":{"start":{"line":4,"column":33},"end":{"line":15,"column":1}},"2":{"start":{"line":5,"column":19},"end":{"line":5,"column":40}},"3":{"start":{"line":7,"column":4},"end":{"line":11,"column":5}},"4":{"start":{"line":9,"column":8},"end":{"line":9,"column":57}},"5":{"start":{"line":10,"column":8},"end":{"line":10,"column":15}},"6":{"start":{"line":14,"column":4},"end":{"line":14,"column":11}},"7":{"start":{"line":4,"column":13},"end":{"line":4,"column":33}}},"fnMap":{"0":{"name":"(anonymous_0)","decl":{"start":{"line":4,"column":33},"end":{"line":4,"column":34}},"loc":{"start":{"line":4,"column":91},"end":{"line":15,"column":1}}}},"branchMap":{"0":{"loc":{"start":{"line":7,"column":4},"end":{"line":11,"column":5}},"type":"if","locations":[{"start":{"line":7,"column":4},"end":{"line":11,"column":5}}]}},"s":{"0":2,"1":2,"2":17,"3":17,"4":8,"5":8,"6":9,"7":2},"f":{"0":17},"b":{"0":[8]}}
,"C:\\Users\\fuent\\OneDrive\\Escritorio\\rest_api_node_ts_server\\src\\models\\Product.model.ts": {"path":"C:\\Users\\fuent\\OneDrive\\Escritorio\\rest_api_node_ts_server\\src\\models\\Product.model.ts","statementMap":{"0":{"start":{"line":1,"column":0},"end":{"line":1,"column":78}},"1":{"start":{"line":7,"column":0},"end":{"line":23,"column":null}},"2":{"start":{"line":11,"column":12},"end":{"line":11,"column":null}},"3":{"start":{"line":16,"column":12},"end":{"line":16,"column":null}},"4":{"start":{"line":22,"column":12},"end":{"line":22,"column":null}},"5":{"start":{"line":7,"column":6},"end":{"line":23,"column":null}},"6":{"start":{"line":25,"column":0},"end":{"line":25,"column":null}}},"fnMap":{},"branchMap":{},"s":{"0":3,"1":3,"2":3,"3":3,"4":3,"5":3,"6":3},"f":{},"b":{}}
}
