TN:
SF:src\router.ts
FN:123,(anonymous_0)
FN:179,(anonymous_1)
FNF:2
FNH:2
FNDA:4,(anonymous_0)
FNDA:5,(anonymous_1)
DA:1,2
DA:2,2
DA:3,2
DA:4,2
DA:6,2
DA:51,2
DA:80,2
DA:117,2
DA:123,4
DA:172,2
DA:179,5
DA:213,2
DA:247,2
DA:253,2
LF:14
LH:14
BRF:0
BRH:0
end_of_record
TN:
SF:src\server.ts
FN:9,connectDB
FNF:1
FNH:1
FNDA:3,connectDB
DA:1,2
DA:2,2
DA:3,2
DA:4,2
DA:5,2
DA:6,2
DA:9,2
DA:10,3
DA:11,3
DA:12,2
DA:13,2
DA:15,1
DA:18,2
DA:21,2
DA:24,2
DA:26,2
DA:29,2
DA:31,2
LF:18
LH:18
BRF:0
BRH:0
end_of_record
TN:
SF:src\config\db.ts
FNF:0
FNH:0
DA:1,2
DA:2,2
DA:3,2
DA:5,2
DA:10,2
LF:5
LH:5
BRF:0
BRH:0
end_of_record
TN:
SF:src\config\swagger.ts
FNF:0
FNH:0
DA:1,2
DA:4,2
DA:22,2
DA:24,2
DA:39,2
LF:5
LH:5
BRF:0
BRH:0
end_of_record
TN:
SF:src\handlers\product.ts
FN:4,(anonymous_1)
FN:15,(anonymous_2)
FN:31,(anonymous_3)
FN:40,(anonymous_4)
FN:58,(anonymous_5)
FN:77,(anonymous_6)
FNF:6
FNH:6
FNDA:2,(anonymous_1)
FNDA:2,(anonymous_2)
FNDA:1,(anonymous_3)
FNDA:2,(anonymous_4)
FNDA:2,(anonymous_5)
FNDA:2,(anonymous_6)
DA:2,2
DA:4,2
DA:5,2
DA:6,2
DA:9,2
DA:11,0
DA:15,2
DA:16,2
DA:17,2
DA:18,2
DA:20,2
DA:21,1
DA:22,1
DA:25,1
DA:27,0
DA:31,2
DA:32,1
DA:33,1
DA:34,1
DA:36,0
DA:40,2
DA:41,2
DA:42,2
DA:43,2
DA:45,2
DA:46,1
DA:47,1
DA:51,1
DA:52,1
DA:54,0
DA:58,2
DA:59,2
DA:60,2
DA:61,2
DA:63,2
DA:64,1
DA:65,1
DA:69,1
DA:70,1
DA:71,1
DA:73,0
DA:77,2
DA:78,2
DA:79,2
DA:80,2
DA:82,2
DA:83,1
DA:84,1
DA:88,1
DA:89,1
DA:91,0
LF:51
LH:45
BRDA:20,0,0,1
BRDA:45,1,0,1
BRDA:63,2,0,1
BRDA:82,3,0,1
BRF:4
BRH:4
end_of_record
TN:
SF:src\middleware\index.ts
FN:4,(anonymous_0)
FNF:1
FNH:1
FNDA:17,(anonymous_0)
DA:2,2
DA:4,2
DA:5,17
DA:7,17
DA:9,8
DA:10,8
DA:14,9
LF:7
LH:7
BRDA:7,0,0,8
BRF:1
BRH:1
end_of_record
TN:
SF:src\models\Product.model.ts
FNF:0
FNH:0
DA:1,3
DA:7,3
DA:11,3
DA:16,3
DA:22,3
DA:25,3
LF:6
LH:6
BRF:0
BRH:0
end_of_record
